<?xml version="1.0" encoding="UTF-8"?>
<testng-results ignored="0" total="1" passed="1" failed="0" skipped="0">
  <reporter-output>
  </reporter-output>
  <suite started-at="2025-03-15T17:10:54 IST" name="Default suite" finished-at="2025-03-15T17:10:56 IST" duration-ms="2275">
    <groups>
    </groups>
    <test started-at="2025-03-15T17:10:54 IST" name="Default test" finished-at="2025-03-15T17:10:56 IST" duration-ms="2275">
      <class name="day4.ParsingJSONResponseData">
        <test-method signature="parsingBody()[pri:0, instance:day4.ParsingJSONResponseData@663c9e7a]" started-at="2025-03-15T17:10:54 IST" name="parsingBody" finished-at="2025-03-15T17:10:56 IST" duration-ms="2243" status="PASS">
          <reporter-output>
          </reporter-output>
        </test-method> <!-- parsingBody -->
      </class> <!-- day4.ParsingJSONResponseData -->
    </test> <!-- Default test -->
  </suite> <!-- Default suite -->
</testng-results>
